Started GET "/" for 127.0.0.1 at 2024-02-26 17:51:40 -0600
  [1m[35m (0.6ms)[0m  [1m[35mCREATE TABLE "schema_migrations" ("version" varchar NOT NULL PRIMARY KEY)[0m
  [1m[35m (0.3ms)[0m  [1m[35mCREATE TABLE "ar_internal_metadata" ("key" varchar NOT NULL PRIMARY KEY, "value" varchar, "created_at" datetime(6) NOT NULL, "updated_at" datetime(6) NOT NULL)[0m
  [1m[36mActiveRecord::SchemaMigration Pluck (0.0ms)[0m  [1m[34mSELECT "schema_migrations"."version" FROM "schema_migrations" ORDER BY "schema_migrations"."version" ASC[0m
  
ActiveRecord::PendingMigrationError (

Migrations are pending. To resolve this issue, run:

        bin/rails db:migrate RAILS_ENV=development

You have 3 pending migrations:

20220509071456_devise_create_users.rb
20240226203144_create_meetings.rb
20240226230434_create_members.rb


):
  
activerecord (7.0.8.1) lib/active_record/migration.rb:662:in `check_pending!'
activerecord (7.0.8.1) lib/active_record/migration.rb:627:in `block (2 levels) in call'
activesupport (7.0.8.1) lib/active_support/file_update_checker.rb:83:in `execute'
activerecord (7.0.8.1) lib/active_record/migration.rb:632:in `block in call'
activerecord (7.0.8.1) lib/active_record/migration.rb:624:in `synchronize'
activerecord (7.0.8.1) lib/active_record/migration.rb:624:in `call'
actionpack (7.0.8.1) lib/action_dispatch/middleware/callbacks.rb:27:in `block in call'
activesupport (7.0.8.1) lib/active_support/callbacks.rb:99:in `run_callbacks'
actionpack (7.0.8.1) lib/action_dispatch/middleware/callbacks.rb:26:in `call'
actionpack (7.0.8.1) lib/action_dispatch/middleware/executor.rb:14:in `call'
actionpack (7.0.8.1) lib/action_dispatch/middleware/actionable_exceptions.rb:17:in `call'
actionpack (7.0.8.1) lib/action_dispatch/middleware/debug_exceptions.rb:28:in `call'
web-console (4.2.1) lib/web_console/middleware.rb:132:in `call_app'
web-console (4.2.1) lib/web_console/middleware.rb:28:in `block in call'
web-console (4.2.1) lib/web_console/middleware.rb:17:in `catch'
web-console (4.2.1) lib/web_console/middleware.rb:17:in `call'
actionpack (7.0.8.1) lib/action_dispatch/middleware/show_exceptions.rb:29:in `call'
railties (7.0.8.1) lib/rails/rack/logger.rb:40:in `call_app'
railties (7.0.8.1) lib/rails/rack/logger.rb:25:in `block in call'
activesupport (7.0.8.1) lib/active_support/tagged_logging.rb:99:in `block in tagged'
activesupport (7.0.8.1) lib/active_support/tagged_logging.rb:37:in `tagged'
activesupport (7.0.8.1) lib/active_support/tagged_logging.rb:99:in `tagged'
railties (7.0.8.1) lib/rails/rack/logger.rb:25:in `call'
sprockets-rails (3.4.2) lib/sprockets/rails/quiet_assets.rb:13:in `call'
actionpack (7.0.8.1) lib/action_dispatch/middleware/remote_ip.rb:93:in `call'
actionpack (7.0.8.1) lib/action_dispatch/middleware/request_id.rb:26:in `call'
rack (2.2.8.1) lib/rack/method_override.rb:24:in `call'
rack (2.2.8.1) lib/rack/runtime.rb:22:in `call'
activesupport (7.0.8.1) lib/active_support/cache/strategy/local_cache_middleware.rb:29:in `call'
actionpack (7.0.8.1) lib/action_dispatch/middleware/server_timing.rb:61:in `block in call'
actionpack (7.0.8.1) lib/action_dispatch/middleware/server_timing.rb:26:in `collect_events'
actionpack (7.0.8.1) lib/action_dispatch/middleware/server_timing.rb:60:in `call'
actionpack (7.0.8.1) lib/action_dispatch/middleware/executor.rb:14:in `call'
actionpack (7.0.8.1) lib/action_dispatch/middleware/static.rb:23:in `call'
rack (2.2.8.1) lib/rack/sendfile.rb:110:in `call'
actionpack (7.0.8.1) lib/action_dispatch/middleware/host_authorization.rb:138:in `call'
railties (7.0.8.1) lib/rails/engine.rb:530:in `call'
puma (5.6.8) lib/puma/configuration.rb:252:in `call'
puma (5.6.8) lib/puma/request.rb:77:in `block in handle_request'
puma (5.6.8) lib/puma/thread_pool.rb:340:in `with_force_shutdown'
puma (5.6.8) lib/puma/request.rb:76:in `handle_request'
puma (5.6.8) lib/puma/server.rb:443:in `process_client'
puma (5.6.8) lib/puma/thread_pool.rb:147:in `block in spawn_thread'
Started GET "/" for 127.0.0.1 at 2024-02-26 17:51:40 -0600
  [1m[36mActiveRecord::SchemaMigration Pluck (0.0ms)[0m  [1m[34mSELECT "schema_migrations"."version" FROM "schema_migrations" ORDER BY "schema_migrations"."version" ASC[0m
  [1m[36mCACHE ActiveRecord::SchemaMigration Pluck (0.0ms)[0m  [1m[34mSELECT "schema_migrations"."version" FROM "schema_migrations" ORDER BY "schema_migrations"."version" ASC[0m
  
ActiveRecord::PendingMigrationError (

Migrations are pending. To resolve this issue, run:

        bin/rails db:migrate RAILS_ENV=development

You have 3 pending migrations:

20220509071456_devise_create_users.rb
20240226203144_create_meetings.rb
20240226230434_create_members.rb


):
  
activerecord (7.0.8.1) lib/active_record/migration.rb:662:in `check_pending!'
activerecord (7.0.8.1) lib/active_record/migration.rb:627:in `block (2 levels) in call'
activesupport (7.0.8.1) lib/active_support/file_update_checker.rb:83:in `execute'
activerecord (7.0.8.1) lib/active_record/migration.rb:632:in `block in call'
activerecord (7.0.8.1) lib/active_record/migration.rb:624:in `synchronize'
activerecord (7.0.8.1) lib/active_record/migration.rb:624:in `call'
actionpack (7.0.8.1) lib/action_dispatch/middleware/callbacks.rb:27:in `block in call'
activesupport (7.0.8.1) lib/active_support/callbacks.rb:99:in `run_callbacks'
actionpack (7.0.8.1) lib/action_dispatch/middleware/callbacks.rb:26:in `call'
actionpack (7.0.8.1) lib/action_dispatch/middleware/executor.rb:14:in `call'
actionpack (7.0.8.1) lib/action_dispatch/middleware/actionable_exceptions.rb:17:in `call'
actionpack (7.0.8.1) lib/action_dispatch/middleware/debug_exceptions.rb:28:in `call'
web-console (4.2.1) lib/web_console/middleware.rb:132:in `call_app'
web-console (4.2.1) lib/web_console/middleware.rb:28:in `block in call'
web-console (4.2.1) lib/web_console/middleware.rb:17:in `catch'
web-console (4.2.1) lib/web_console/middleware.rb:17:in `call'
actionpack (7.0.8.1) lib/action_dispatch/middleware/show_exceptions.rb:29:in `call'
railties (7.0.8.1) lib/rails/rack/logger.rb:40:in `call_app'
railties (7.0.8.1) lib/rails/rack/logger.rb:25:in `block in call'
activesupport (7.0.8.1) lib/active_support/tagged_logging.rb:99:in `block in tagged'
activesupport (7.0.8.1) lib/active_support/tagged_logging.rb:37:in `tagged'
activesupport (7.0.8.1) lib/active_support/tagged_logging.rb:99:in `tagged'
railties (7.0.8.1) lib/rails/rack/logger.rb:25:in `call'
sprockets-rails (3.4.2) lib/sprockets/rails/quiet_assets.rb:13:in `call'
actionpack (7.0.8.1) lib/action_dispatch/middleware/remote_ip.rb:93:in `call'
actionpack (7.0.8.1) lib/action_dispatch/middleware/request_id.rb:26:in `call'
rack (2.2.8.1) lib/rack/method_override.rb:24:in `call'
rack (2.2.8.1) lib/rack/runtime.rb:22:in `call'
activesupport (7.0.8.1) lib/active_support/cache/strategy/local_cache_middleware.rb:29:in `call'
actionpack (7.0.8.1) lib/action_dispatch/middleware/server_timing.rb:61:in `block in call'
actionpack (7.0.8.1) lib/action_dispatch/middleware/server_timing.rb:26:in `collect_events'
actionpack (7.0.8.1) lib/action_dispatch/middleware/server_timing.rb:60:in `call'
actionpack (7.0.8.1) lib/action_dispatch/middleware/executor.rb:14:in `call'
actionpack (7.0.8.1) lib/action_dispatch/middleware/static.rb:23:in `call'
rack (2.2.8.1) lib/rack/sendfile.rb:110:in `call'
actionpack (7.0.8.1) lib/action_dispatch/middleware/host_authorization.rb:138:in `call'
railties (7.0.8.1) lib/rails/engine.rb:530:in `call'
puma (5.6.8) lib/puma/configuration.rb:252:in `call'
puma (5.6.8) lib/puma/request.rb:77:in `block in handle_request'
puma (5.6.8) lib/puma/thread_pool.rb:340:in `with_force_shutdown'
puma (5.6.8) lib/puma/request.rb:76:in `handle_request'
puma (5.6.8) lib/puma/server.rb:443:in `process_client'
puma (5.6.8) lib/puma/thread_pool.rb:147:in `block in spawn_thread'
  [1m[36mActiveRecord::SchemaMigration Pluck (0.0ms)[0m  [1m[34mSELECT "schema_migrations"."version" FROM "schema_migrations" ORDER BY "schema_migrations"."version" ASC[0m
Migrating to DeviseCreateUsers (20220509071456)
  [1m[36mTRANSACTION (0.0ms)[0m  [1m[36mbegin transaction[0m
  [1m[35m (0.2ms)[0m  [1m[35mCREATE TABLE "users" ("id" integer PRIMARY KEY AUTOINCREMENT NOT NULL, "full_name" varchar, "uid" varchar, "avatar_url" varchar, "provider" varchar, "email" varchar DEFAULT '' NOT NULL, "encrypted_password" varchar DEFAULT '' NOT NULL, "reset_password_token" varchar, "reset_password_sent_at" datetime(6), "remember_created_at" datetime(6), "created_at" datetime(6) NOT NULL, "updated_at" datetime(6) NOT NULL)[0m
  [1m[35m (0.0ms)[0m  [1m[35mCREATE UNIQUE INDEX "index_users_on_email" ON "users" ("email")[0m
  [1m[35m (0.0ms)[0m  [1m[35mCREATE UNIQUE INDEX "index_users_on_reset_password_token" ON "users" ("reset_password_token")[0m
  [1m[36mActiveRecord::SchemaMigration Create (0.0ms)[0m  [1m[32mINSERT INTO "schema_migrations" ("version") VALUES (?)[0m  [["version", "20220509071456"]]
  [1m[36mTRANSACTION (0.4ms)[0m  [1m[36mcommit transaction[0m
Migrating to CreateMeetings (20240226203144)
  [1m[36mTRANSACTION (0.0ms)[0m  [1m[36mbegin transaction[0m
  [1m[35m (0.2ms)[0m  [1m[35mCREATE TABLE "meetings" ("id" integer PRIMARY KEY AUTOINCREMENT NOT NULL, "name" varchar, "date" date, "location" varchar, "created_at" datetime(6) NOT NULL, "updated_at" datetime(6) NOT NULL)[0m
  [1m[36mActiveRecord::SchemaMigration Create (0.0ms)[0m  [1m[32mINSERT INTO "schema_migrations" ("version") VALUES (?)[0m  [["version", "20240226203144"]]
  [1m[36mTRANSACTION (0.3ms)[0m  [1m[36mcommit transaction[0m
Migrating to CreateMembers (20240226230434)
  [1m[36mTRANSACTION (0.0ms)[0m  [1m[36mbegin transaction[0m
  [1m[35m (0.1ms)[0m  [1m[35mCREATE TABLE "members" ("id" integer PRIMARY KEY AUTOINCREMENT NOT NULL, "member_name" varchar, "member_points" integer, "executive_status" boolean, "created_at" datetime(6) NOT NULL, "updated_at" datetime(6) NOT NULL)[0m
  [1m[36mActiveRecord::SchemaMigration Create (0.0ms)[0m  [1m[32mINSERT INTO "schema_migrations" ("version") VALUES (?)[0m  [["version", "20240226230434"]]
  [1m[36mTRANSACTION (0.3ms)[0m  [1m[36mcommit transaction[0m
  [1m[36mActiveRecord::InternalMetadata Load (0.0ms)[0m  [1m[34mSELECT "ar_internal_metadata".* FROM "ar_internal_metadata" WHERE "ar_internal_metadata"."key" = ? LIMIT ?[0m  [["key", "environment"], ["LIMIT", 1]]
  [1m[36mTRANSACTION (0.0ms)[0m  [1m[36mbegin transaction[0m
  [1m[36mActiveRecord::InternalMetadata Create (0.1ms)[0m  [1m[32mINSERT INTO "ar_internal_metadata" ("key", "value", "created_at", "updated_at") VALUES (?, ?, ?, ?)[0m  [["key", "environment"], ["value", "development"], ["created_at", "2024-02-26 23:51:49.274549"], ["updated_at", "2024-02-26 23:51:49.274549"]]
  [1m[36mTRANSACTION (0.2ms)[0m  [1m[36mcommit transaction[0m
  [1m[36mActiveRecord::SchemaMigration Pluck (0.0ms)[0m  [1m[34mSELECT "schema_migrations"."version" FROM "schema_migrations" ORDER BY "schema_migrations"."version" ASC[0m
Started GET "/" for 127.0.0.1 at 2024-02-26 17:52:04 -0600
  [1m[36mActiveRecord::SchemaMigration Pluck (0.1ms)[0m  [1m[34mSELECT "schema_migrations"."version" FROM "schema_migrations" ORDER BY "schema_migrations"."version" ASC[0m
Processing by PagesController#home as HTML
  Rendering layout layouts/application.html.erb
  Rendering pages/home.html.erb within layouts/application
  Rendered pages/home.html.erb within layouts/application (Duration: 3.5ms | Allocations: 2081)
  Rendered layout layouts/application.html.erb (Duration: 27.0ms | Allocations: 36821)
Completed 200 OK in 34ms (Views: 28.4ms | ActiveRecord: 0.0ms | Allocations: 41273)


Started GET "/users/sign_in" for 127.0.0.1 at 2024-02-26 17:52:06 -0600
Processing by Users::SessionsController#new as HTML
  Rendering layout layouts/application.html.erb
  Rendering devise/sessions/new.html.erb within layouts/application
  Rendered devise/shared/_links.html.erb (Duration: 0.7ms | Allocations: 779)
  Rendered devise/sessions/new.html.erb within layouts/application (Duration: 5.3ms | Allocations: 4172)
  Rendered layout layouts/application.html.erb (Duration: 6.3ms | Allocations: 5733)
Completed 200 OK in 17ms (Views: 7.7ms | ActiveRecord: 0.6ms | Allocations: 15694)


Started GET "/meetings" for 127.0.0.1 at 2024-02-26 17:52:06 -0600
Processing by MeetingsController#index as HTML
  Rendering layout layouts/application.html.erb
  Rendering meetings/index.html.erb within layouts/application
  [1m[36mMeeting Load (0.4ms)[0m  [1m[34mSELECT "meetings".* FROM "meetings"[0m
  ↳ app/views/meetings/index.html.erb:7
  Rendered meetings/index.html.erb within layouts/application (Duration: 2.6ms | Allocations: 1508)
  Rendered layout layouts/application.html.erb (Duration: 3.9ms | Allocations: 3093)
Completed 200 OK in 11ms (Views: 4.9ms | ActiveRecord: 0.4ms | Allocations: 6347)


Started GET "/users/sign_in" for 127.0.0.1 at 2024-02-26 17:52:09 -0600
Processing by Users::SessionsController#new as HTML
  Rendering layout layouts/application.html.erb
  Rendering devise/sessions/new.html.erb within layouts/application
  Rendered devise/shared/_links.html.erb (Duration: 0.4ms | Allocations: 293)
  Rendered devise/sessions/new.html.erb within layouts/application (Duration: 2.2ms | Allocations: 1448)
  Rendered layout layouts/application.html.erb (Duration: 4.7ms | Allocations: 2818)
Completed 200 OK in 6ms (Views: 5.2ms | ActiveRecord: 0.0ms | Allocations: 3693)


Started POST "/users/auth/google_oauth2" for 127.0.0.1 at 2024-02-26 17:52:11 -0600
Started GET "/users/auth/google_oauth2/callback?state=01579b94c297a4f114c4aed38faa0d32605eb493c291f67c&code=4%2F0AeaYSHC5OPNxDzgRXpbvnC80Botcofsv_wJyhAY6lHcBDPXXiGlp4FkvlipgP2ATxE1uhw&scope=email+profile+https%3A%2F%2Fwww.googleapis.com%2Fauth%2Fuserinfo.email+https%3A%2F%2Fwww.googleapis.com%2Fauth%2Fuserinfo.profile+openid&authuser=0&hd=tamu.edu&prompt=none" for 127.0.0.1 at 2024-02-26 17:52:11 -0600
Processing by Users::OmniauthCallbacksController#google_oauth2 as HTML
  Parameters: {"state"=>"01579b94c297a4f114c4aed38faa0d32605eb493c291f67c", "code"=>"4/0AeaYSHC5OPNxDzgRXpbvnC80Botcofsv_wJyhAY6lHcBDPXXiGlp4FkvlipgP2ATxE1uhw", "scope"=>"email profile https://www.googleapis.com/auth/userinfo.email https://www.googleapis.com/auth/userinfo.profile openid", "authuser"=>"0", "hd"=>"tamu.edu", "prompt"=>"none"}
  [1m[36mUser Load (0.7ms)[0m  [1m[34mSELECT "users".* FROM "users" WHERE "users"."provider" = ? AND "users"."uid" = ? ORDER BY "users"."id" ASC LIMIT ?[0m  [["provider", "google_oauth2"], ["uid", "108097413854217354383"], ["LIMIT", 1]]
  ↳ app/models/user.rb:8:in `from_omniauth'
  [1m[36mTRANSACTION (0.0ms)[0m  [1m[36mbegin transaction[0m
  ↳ app/models/user.rb:8:in `from_omniauth'
  [1m[36mUser Exists? (0.1ms)[0m  [1m[34mSELECT 1 AS one FROM "users" WHERE "users"."email" = ? LIMIT ?[0m  [["email", "krititika@tamu.edu"], ["LIMIT", 1]]
  ↳ app/models/user.rb:8:in `from_omniauth'
  [1m[36mUser Create (0.3ms)[0m  [1m[32mINSERT INTO "users" ("full_name", "uid", "avatar_url", "provider", "email", "encrypted_password", "reset_password_token", "reset_password_sent_at", "remember_created_at", "created_at", "updated_at") VALUES (?, ?, ?, ?, ?, ?, ?, ?, ?, ?, ?)[0m  [["full_name", "Kritika Dhakal"], ["uid", "108097413854217354383"], ["avatar_url", "https://lh3.googleusercontent.com/a/ACg8ocIigUNYzFdXlroHPb9OEv5mo7HwVmlsvoIyCv_53Q6cvmU=s96-c"], ["provider", "google_oauth2"], ["email", "krititika@tamu.edu"], ["encrypted_password", "[FILTERED]"], ["reset_password_token", "[FILTERED]"], ["reset_password_sent_at", "[FILTERED]"], ["remember_created_at", nil], ["created_at", "2024-02-26 23:52:12.280707"], ["updated_at", "2024-02-26 23:52:12.280707"]]
  ↳ app/models/user.rb:8:in `from_omniauth'
  [1m[36mTRANSACTION (0.7ms)[0m  [1m[36mcommit transaction[0m
  ↳ app/models/user.rb:8:in `from_omniauth'
Redirected to http://127.0.0.1:3000/
Completed 302 Found in 324ms (ActiveRecord: 1.8ms | Allocations: 8733)


Started GET "/" for 127.0.0.1 at 2024-02-26 17:52:12 -0600
Processing by PagesController#home as HTML
  Rendering layout layouts/application.html.erb
  Rendering pages/home.html.erb within layouts/application
  [1m[36mUser Load (0.1ms)[0m  [1m[34mSELECT "users".* FROM "users" WHERE "users"."id" = ? ORDER BY "users"."id" ASC LIMIT ?[0m  [["id", 1], ["LIMIT", 1]]
  ↳ app/views/pages/home.html.erb:80
  Rendered pages/home.html.erb within layouts/application (Duration: 1.2ms | Allocations: 1930)
  Rendered layout layouts/application.html.erb (Duration: 2.0ms | Allocations: 3424)
Completed 200 OK in 2ms (Views: 2.1ms | ActiveRecord: 0.1ms | Allocations: 3741)


Started GET "/users/edit" for 127.0.0.1 at 2024-02-26 17:52:12 -0600
Processing by Users::RegistrationsController#edit as HTML
  [1m[36mUser Load (0.1ms)[0m  [1m[34mSELECT "users".* FROM "users" WHERE "users"."id" = ? ORDER BY "users"."id" ASC LIMIT ?[0m  [["id", 1], ["LIMIT", 1]]
  Rendering layout layouts/application.html.erb
  Rendering /Users/kritikadhakal/.rvm/gems/ruby-3.1.4/gems/devise-4.9.3/app/views/devise/registrations/edit.html.erb within layouts/application
  Rendered devise/shared/_error_messages.html.erb (Duration: 0.5ms | Allocations: 218)
  Rendered /Users/kritikadhakal/.rvm/gems/ruby-3.1.4/gems/devise-4.9.3/app/views/devise/registrations/edit.html.erb within layouts/application (Duration: 3.4ms | Allocations: 2769)
  Rendered layout layouts/application.html.erb (Duration: 5.0ms | Allocations: 4328)
Completed 200 OK in 9ms (Views: 7.1ms | ActiveRecord: 0.1ms | Allocations: 7294)


Started GET "/meetings" for 127.0.0.1 at 2024-02-26 17:52:13 -0600
Processing by MeetingsController#index as HTML
  Rendering layout layouts/application.html.erb
  Rendering meetings/index.html.erb within layouts/application
  [1m[36mMeeting Load (0.2ms)[0m  [1m[34mSELECT "meetings".* FROM "meetings"[0m
  ↳ app/views/meetings/index.html.erb:7
  Rendered meetings/index.html.erb within layouts/application (Duration: 2.0ms | Allocations: 1072)
  Rendered layout layouts/application.html.erb (Duration: 4.1ms | Allocations: 2439)
Completed 200 OK in 5ms (Views: 4.5ms | ActiveRecord: 0.2ms | Allocations: 2745)


Started GET "/meetings/new" for 127.0.0.1 at 2024-02-26 17:52:14 -0600
Processing by MeetingsController#new as HTML
  Rendering layout layouts/application.html.erb
  Rendering meetings/new.html.erb within layouts/application
  Rendered meetings/_form.html.erb (Duration: 4.2ms | Allocations: 2274)
  Rendered meetings/new.html.erb within layouts/application (Duration: 5.2ms | Allocations: 2576)
  Rendered layout layouts/application.html.erb (Duration: 6.3ms | Allocations: 4080)
Completed 200 OK in 15ms (Views: 6.8ms | ActiveRecord: 0.6ms | Allocations: 7563)


Started GET "/meetings" for 127.0.0.1 at 2024-02-26 17:52:15 -0600
Processing by MeetingsController#index as HTML
  Rendering layout layouts/application.html.erb
  Rendering meetings/index.html.erb within layouts/application
  [1m[36mMeeting Load (0.2ms)[0m  [1m[34mSELECT "meetings".* FROM "meetings"[0m
  ↳ app/views/meetings/index.html.erb:7
  Rendered meetings/index.html.erb within layouts/application (Duration: 2.0ms | Allocations: 980)
  Rendered layout layouts/application.html.erb (Duration: 4.6ms | Allocations: 2348)
Completed 200 OK in 6ms (Views: 4.9ms | ActiveRecord: 0.2ms | Allocations: 2673)


Started GET "/" for 127.0.0.1 at 2024-02-26 17:52:16 -0600
Processing by PagesController#home as HTML
  Rendering layout layouts/application.html.erb
  Rendering pages/home.html.erb within layouts/application
  [1m[36mUser Load (0.2ms)[0m  [1m[34mSELECT "users".* FROM "users" WHERE "users"."id" = ? ORDER BY "users"."id" ASC LIMIT ?[0m  [["id", 1], ["LIMIT", 1]]
  ↳ app/views/pages/home.html.erb:80
  Rendered pages/home.html.erb within layouts/application (Duration: 4.1ms | Allocations: 1732)
  Rendered layout layouts/application.html.erb (Duration: 7.0ms | Allocations: 3109)
Completed 200 OK in 9ms (Views: 7.7ms | ActiveRecord: 0.2ms | Allocations: 3380)


Started GET "/meetings" for 127.0.0.1 at 2024-02-26 17:52:17 -0600
Processing by MeetingsController#index as HTML
  Rendering layout layouts/application.html.erb
  Rendering meetings/index.html.erb within layouts/application
  [1m[36mMeeting Load (0.1ms)[0m  [1m[34mSELECT "meetings".* FROM "meetings"[0m
  ↳ app/views/meetings/index.html.erb:7
  Rendered meetings/index.html.erb within layouts/application (Duration: 19.0ms | Allocations: 908)
  Rendered layout layouts/application.html.erb (Duration: 21.4ms | Allocations: 2282)
Completed 200 OK in 23ms (Views: 22.0ms | ActiveRecord: 0.1ms | Allocations: 2565)


Started GET "/" for 127.0.0.1 at 2024-02-26 17:52:18 -0600
Processing by PagesController#home as HTML
  Rendering layout layouts/application.html.erb
  Rendering pages/home.html.erb within layouts/application
  [1m[36mUser Load (0.2ms)[0m  [1m[34mSELECT "users".* FROM "users" WHERE "users"."id" = ? ORDER BY "users"."id" ASC LIMIT ?[0m  [["id", 1], ["LIMIT", 1]]
  ↳ app/views/pages/home.html.erb:80
  Rendered pages/home.html.erb within layouts/application (Duration: 3.4ms | Allocations: 1643)
  Rendered layout layouts/application.html.erb (Duration: 6.1ms | Allocations: 3020)
Completed 200 OK in 7ms (Views: 6.6ms | ActiveRecord: 0.2ms | Allocations: 3290)


Started DELETE "/users/sign_out" for 127.0.0.1 at 2024-02-26 17:52:21 -0600
Processing by Users::SessionsController#destroy as HTML
  Parameters: {"authenticity_token"=>"[FILTERED]"}
  [1m[36mUser Load (0.2ms)[0m  [1m[34mSELECT "users".* FROM "users" WHERE "users"."id" = ? ORDER BY "users"."id" ASC LIMIT ?[0m  [["id", 1], ["LIMIT", 1]]
Redirected to http://127.0.0.1:3000/users/sign_in
Completed 302 Found in 16ms (ActiveRecord: 0.2ms | Allocations: 2704)


Started GET "/users/sign_in" for 127.0.0.1 at 2024-02-26 17:52:21 -0600
Processing by Users::SessionsController#new as HTML
  Rendering layout layouts/application.html.erb
  Rendering devise/sessions/new.html.erb within layouts/application
  Rendered devise/shared/_links.html.erb (Duration: 0.3ms | Allocations: 294)
  Rendered devise/sessions/new.html.erb within layouts/application (Duration: 1.2ms | Allocations: 1450)
  Rendered layout layouts/application.html.erb (Duration: 3.3ms | Allocations: 2942)
Completed 200 OK in 5ms (Views: 3.7ms | ActiveRecord: 0.0ms | Allocations: 3873)


Started GET "/meetings" for 127.0.0.1 at 2024-02-26 17:55:03 -0600
  [1m[36mActiveRecord::SchemaMigration Pluck (0.1ms)[0m  [1m[34mSELECT "schema_migrations"."version" FROM "schema_migrations" ORDER BY "schema_migrations"."version" ASC[0m
Processing by MeetingsController#index as HTML
  Rendering layout layouts/application.html.erb
  Rendering meetings/index.html.erb within layouts/application
  [1m[36mMeeting Load (0.3ms)[0m  [1m[34mSELECT "meetings".* FROM "meetings"[0m
  ↳ app/views/meetings/index.html.erb:7
  Rendered meetings/index.html.erb within layouts/application (Duration: 4.3ms | Allocations: 1970)
  Rendered layout layouts/application.html.erb (Duration: 29.9ms | Allocations: 36713)
Completed 200 OK in 39ms (Views: 31.1ms | ActiveRecord: 0.3ms | Allocations: 44030)


Started GET "/" for 127.0.0.1 at 2024-02-26 17:55:05 -0600
Processing by PagesController#home as HTML
  Rendering layout layouts/application.html.erb
  Rendering pages/home.html.erb within layouts/application
  Rendered pages/home.html.erb within layouts/application (Duration: 22.3ms | Allocations: 6689)
  Rendered layout layouts/application.html.erb (Duration: 22.5ms | Allocations: 6787)
Completed 500 Internal Server Error in 26ms (ActiveRecord: 0.0ms | Allocations: 7627)


  
ActionView::Template::Error (undefined local variable or method `events_path' for #<ActionView::Base:0x0000000000d548>

          '.freeze;@output_buffer.append=( link_to "Events", events_path, class: "nav-link" );@output_buffer.safe_append='
                                                             ^^^^^^^^^^^
Did you mean?  meetings_path):
    66:           <%= link_to "Links", "#", class: "nav-link" %>
    67:         </li>
    68:         <li class="nav-item">
    69:           <%= link_to "Events", events_path, class: "nav-link" %>
    70:         </li>
    71:         <li class="nav-item">
    72:           <%= link_to "Meetings", meetings_path, class: "nav-link" %>
  
app/views/pages/home.html.erb:69
Started GET "/" for 127.0.0.1 at 2024-02-26 17:55:05 -0600
Processing by PagesController#home as HTML
  Rendering layout layouts/application.html.erb
  Rendering pages/home.html.erb within layouts/application
  Rendered pages/home.html.erb within layouts/application (Duration: 17.1ms | Allocations: 5663)
  Rendered layout layouts/application.html.erb (Duration: 17.4ms | Allocations: 5747)
Completed 500 Internal Server Error in 18ms (ActiveRecord: 0.0ms | Allocations: 6028)


  
ActionView::Template::Error (undefined local variable or method `events_path' for #<ActionView::Base:0x0000000000d840>

          '.freeze;@output_buffer.append=( link_to "Events", events_path, class: "nav-link" );@output_buffer.safe_append='
                                                             ^^^^^^^^^^^
Did you mean?  meetings_path):
    66:           <%= link_to "Links", "#", class: "nav-link" %>
    67:         </li>
    68:         <li class="nav-item">
    69:           <%= link_to "Events", events_path, class: "nav-link" %>
    70:         </li>
    71:         <li class="nav-item">
    72:           <%= link_to "Meetings", meetings_path, class: "nav-link" %>
  
app/views/pages/home.html.erb:69
Started GET "/" for 127.0.0.1 at 2024-02-26 17:55:32 -0600
Processing by PagesController#home as HTML
  Rendering layout layouts/application.html.erb
  Rendering pages/home.html.erb within layouts/application
  Rendered pages/home.html.erb within layouts/application (Duration: 6.6ms | Allocations: 1557)
  Rendered layout layouts/application.html.erb (Duration: 11.6ms | Allocations: 3415)
Completed 200 OK in 18ms (Views: 15.7ms | ActiveRecord: 0.0ms | Allocations: 4357)


Started GET "/meetings" for 127.0.0.1 at 2024-02-26 17:55:33 -0600
Processing by MeetingsController#index as HTML
  Rendering layout layouts/application.html.erb
  Rendering meetings/index.html.erb within layouts/application
  [1m[36mMeeting Load (0.2ms)[0m  [1m[34mSELECT "meetings".* FROM "meetings"[0m
  ↳ app/views/meetings/index.html.erb:7
  Rendered meetings/index.html.erb within layouts/application (Duration: 4.1ms | Allocations: 1372)
  Rendered layout layouts/application.html.erb (Duration: 7.0ms | Allocations: 2941)
Completed 200 OK in 10ms (Views: 8.7ms | ActiveRecord: 0.2ms | Allocations: 3661)


Started GET "/members" for 127.0.0.1 at 2024-02-26 17:55:33 -0600
Processing by MembersController#index as HTML
  Rendering layout layouts/application.html.erb
  Rendering members/index.html.erb within layouts/application
  [1m[36mMember Load (0.3ms)[0m  [1m[34mSELECT "members".* FROM "members"[0m
  ↳ app/views/members/index.html.erb:6
  Rendered members/index.html.erb within layouts/application (Duration: 1.6ms | Allocations: 1418)
  Rendered layout layouts/application.html.erb (Duration: 2.9ms | Allocations: 3002)
Completed 200 OK in 6ms (Views: 3.5ms | ActiveRecord: 0.3ms | Allocations: 4358)


Started GET "/members/new" for 127.0.0.1 at 2024-02-26 17:55:34 -0600
Processing by MembersController#new as HTML
  Rendering layout layouts/application.html.erb
  Rendering members/new.html.erb within layouts/application
  Rendered members/_form.html.erb (Duration: 5.9ms | Allocations: 3391)
  Rendered members/new.html.erb within layouts/application (Duration: 6.6ms | Allocations: 3724)
  Rendered layout layouts/application.html.erb (Duration: 12.9ms | Allocations: 5234)
Completed 200 OK in 24ms (Views: 13.2ms | ActiveRecord: 0.8ms | Allocations: 10042)


Started GET "/members" for 127.0.0.1 at 2024-02-26 17:55:38 -0600
Processing by MembersController#index as HTML
  Rendering layout layouts/application.html.erb
  Rendering members/index.html.erb within layouts/application
  [1m[36mMember Load (0.1ms)[0m  [1m[34mSELECT "members".* FROM "members"[0m
  ↳ app/views/members/index.html.erb:6
  Rendered members/index.html.erb within layouts/application (Duration: 2.3ms | Allocations: 947)
  Rendered layout layouts/application.html.erb (Duration: 4.5ms | Allocations: 2316)
Completed 200 OK in 6ms (Views: 4.8ms | ActiveRecord: 0.1ms | Allocations: 2645)


Started GET "/members/new" for 127.0.0.1 at 2024-02-26 17:55:41 -0600
Processing by MembersController#new as HTML
  Rendering layout layouts/application.html.erb
  Rendering members/new.html.erb within layouts/application
  Rendered members/_form.html.erb (Duration: 2.2ms | Allocations: 1390)
  Rendered members/new.html.erb within layouts/application (Duration: 2.5ms | Allocations: 1481)
  Rendered layout layouts/application.html.erb (Duration: 5.9ms | Allocations: 2859)
Completed 200 OK in 7ms (Views: 6.4ms | ActiveRecord: 0.0ms | Allocations: 3157)


Started GET "/" for 127.0.0.1 at 2024-02-26 17:58:06 -0600
Processing by PagesController#home as HTML
  Rendering layout layouts/application.html.erb
  Rendering pages/home.html.erb within layouts/application
  Rendered pages/home.html.erb within layouts/application (Duration: 2.3ms | Allocations: 1794)
  Rendered layout layouts/application.html.erb (Duration: 3.2ms | Allocations: 1883)
Completed 500 Internal Server Error in 9ms (ActiveRecord: 0.0ms | Allocations: 2816)


  
ActionView::SyntaxErrorInTemplate (Encountered a syntax error while rendering template: check <!DOCTYPE html>
<html>
<head>
  <title>Your Rails App</title>
  <%= csrf_meta_tags %>
  <%= csp_meta_tag %>

  <!-- Include Bootstrap CSS -->
  <link href="https://stackpath.bootstrapcdn.com/bootstrap/4.5.2/css/bootstrap.min.css" rel="stylesheet">

  <!-- Custom Styles -->
  <style>
    body {
      background-color: #fff; /* White background */
      color: #800000; /* Maroon text color */
    }

    .navbar {
      background-color: #800000 !important; /* Maroon navbar background */
    }

    .navbar-brand, .nav-link {
      color: #fff !important; /* White text color for navbar links */
    }

    .btn-primary {
      background-color: #800000 !important; /* Maroon button background */
      border-color: #800000 !important; /* Maroon border color */
    }

    .btn-primary:hover {
      background-color: #8B0000 !important; /* Darker maroon on hover */
      border-color: #8B0000 !important;
    }

    .btn-success {
      background-color: #fff !important; /* White button background */
      border-color: #800000 !important; /* Maroon border color */
      color: #800000 !important; /* Maroon text color */
    }

    .btn-success:hover {
      background-color: #f8f9fa !important; /* Lighter white on hover */
      color: #800000 !important;
    }

    h1, h2 {
      color: #800000; /* Maroon headings */
    }
  </style>
</head>
<body>

<nav class="navbar navbar-expand-lg navbar-light bg-light">
  <div class="container">
    <%= link_to "Home page", root_path, class: "navbar-brand" %>
    <button class="navbar-toggler" type="button" data-toggle="collapse" data-target="#navbarNav" aria-controls="navbarNav" aria-expanded="false" aria-label="Toggle navigation">
      <span class="navbar-toggler-icon"></span>
    </button>
    <div class="collapse navbar-collapse justify-content-center" id="navbarNav">
      <ul class="navbar-nav">
        <li class="nav-item">
          <%= link_to "Links", "#", class: "nav-link" %>
        </li>
        <li class="nav-item">
          <%= link_to "Events", "#", class: "nav-link" %>
        </li>
        <li class="nav-item">
          <%= link_to "Meetings", meetings_path, class: "nav-link" %>
        </li>
        <li class="nav-item">
          <%= link_to "Members", members_path, class: "nav-link" %>
        </li>
      </ul>
    </div>
    <div class="ml-auto">
      <% if current_user %>
        <%= link_to "Edit Account", "#", class: "btn btn-primary mr-2" %>
      <% else %>
        <%= link_to "Login", "#", class: "btn btn-primary mr-2", data-toggle: "modal", data-target: "#loginModal" %>
        <%= link_to "Create Account", "#", class: "btn btn-success", data-toggle: "modal", data-target: "#loginModal" %>
      <% end %>
    </div>
  </div>
</nav>

<div class="container">
  <center>
<% if current_user %>
<p>Current user logged in:</p>
<%= current_user.email %>
<%= image_tag(current_user.avatar_url) %> <br>
<%= link_to "Edit Account", edit_user_registration_path %>
<%= button_to "Logout", destroy_user_session_path, data: {turbo: "false"}, method: :delete %>
<% end %>

</center>
</div>

<!-- Login Modal -->
<%= form_with(scope: :session, url: login_path, local: true) do |form| %>
  <div class="modal fade" id="loginModal" tabindex="-1" role="dialog" aria-labelledby="loginModalLabel" aria-hidden="true">
    <div class="modal-dialog" role="document">
      <div class="modal-content">
        <div class="modal-header">
          <h5 class="modal-title" id="loginModalLabel">Login</h5>
          <button type="button" class="close" data-dismiss="modal" aria-label="Close">
            <span aria-hidden="true">&times;</span>
          </button>
        </div>
        <div class="modal-body">
          <!-- Login form fields -->
          <div class="form-group">
            <%= form.label :username %>
            <%= form.text_field :username, required: true, class: 'form-control' %>
          </div>
          <div class="form-group">
            <%= form.label :password %>
            <%= form.password_field :password, required: true, class: 'form-control' %>
          </div>
        </div>
        <div class="modal-footer">
          <%= form.submit "Login", class: 'btn btn-primary' %>
        </div>
      </div>
    </div>
  </div>
<% end %>

<!-- Flash Messages -->
<% flash.each do |key, message| %>
  <div class="alert alert-<%= key %>"><%= message %></div>
<% end %>

<!-- About Section-->
<section id="about-organization" style="background-color: #f7f7f7; padding: 20px; border-radius: 5px; box-shadow: 0 2px 5px rgba(0, 0, 0, 0.2); max-width: 800px; margin: 20px auto;">
<h2 style="text-align: center; color: #333;">About This Organization</h2>
<div style="background-color: #ffffff; padding: 20px; border-radius: 5px; box-shadow: 0 2px 5px rgba(0, 0, 0, 0.2);">
  <p><strong>Abbreviation(s):</strong> H.E.A.T.</p>
  <!-- ... rest of the about section content ... -->
</div>
</section>

<!-- Include Bootstrap JS and jQuery for modal functionality -->
<script src="https://code.jquery.com/jquery-3.3.1.slim.min.js"></script>
<script src="https://cdnjs.cloudflare.com/ajax/libs/popper.js/1.14.7/umd/popper.min.js"></script>
<script src="https://stackpath.bootstrapcdn.com/bootstrap/4.3.1/js/bootstrap.min.js"></script>

</body>
</html>

):
1:    <!DOCTYPE html>
2:    <html>
3:    <head>
4:      <title>Your Rails App</title>
5:      <%= csrf_meta_tags %>
6:      <%= csp_meta_tag %>
7:    
8:      <!-- Include Bootstrap CSS -->
9:      <link href="https://stackpath.bootstrapcdn.com/bootstrap/4.5.2/css/bootstrap.min.css" rel="stylesheet">
10:    
11:      <!-- Custom Styles -->
12:      <style>
13:        body {
14:          background-color: #fff; /* White background */
15:          color: #800000; /* Maroon text color */
16:        }
17:    
18:        .navbar {
19:          background-color: #800000 !important; /* Maroon navbar background */
20:        }
21:    
22:        .navbar-brand, .nav-link {
23:          color: #fff !important; /* White text color for navbar links */
24:        }
25:    
26:        .btn-primary {
27:          background-color: #800000 !important; /* Maroon button background */
28:          border-color: #800000 !important; /* Maroon border color */
29:        }
30:    
31:        .btn-primary:hover {
32:          background-color: #8B0000 !important; /* Darker maroon on hover */
33:          border-color: #8B0000 !important;
34:        }
35:    
36:        .btn-success {
37:          background-color: #fff !important; /* White button background */
38:          border-color: #800000 !important; /* Maroon border color */
39:          color: #800000 !important; /* Maroon text color */
40:        }
41:    
42:        .btn-success:hover {
43:          background-color: #f8f9fa !important; /* Lighter white on hover */
44:          color: #800000 !important;
45:        }
46:    
47:        h1, h2 {
48:          color: #800000; /* Maroon headings */
49:        }
50:      </style>
51:    </head>
52:    <body>
53:    
54:    <nav class="navbar navbar-expand-lg navbar-light bg-light">
55:      <div class="container">
56:        <%= link_to "Home page", root_path, class: "navbar-brand" %>
57:        <button class="navbar-toggler" type="button" data-toggle="collapse" data-target="#navbarNav" aria-controls="navbarNav" aria-expanded="false" aria-label="Toggle navigation">
58:          <span class="navbar-toggler-icon"></span>
59:        </button>
60:        <div class="collapse navbar-collapse justify-content-center" id="navbarNav">
61:          <ul class="navbar-nav">
62:            <li class="nav-item">
63:              <%= link_to "Links", "#", class: "nav-link" %>
64:            </li>
65:            <li class="nav-item">
66:              <%= link_to "Events", "#", class: "nav-link" %>
67:            </li>
68:            <li class="nav-item">
69:              <%= link_to "Meetings", meetings_path, class: "nav-link" %>
70:            </li>
71:            <li class="nav-item">
72:              <%= link_to "Members", members_path, class: "nav-link" %>
73:            </li>
74:          </ul>
75:        </div>
76:        <div class="ml-auto">
77:          <% if current_user %>
78:            <%= link_to "Edit Account", "#", class: "btn btn-primary mr-2" %>
79:          <% else %>
80:            <%= link_to "Login", "#", class: "btn btn-primary mr-2", data-toggle: "modal", data-target: "#loginModal" %>
81:            <%= link_to "Create Account", "#", class: "btn btn-success", data-toggle: "modal", data-target: "#loginModal" %>
82:          <% end %>
83:        </div>
84:      </div>
85:    </nav>
86:    
87:    <div class="container">
88:      <center>
89:    <% if current_user %>
90:    <p>Current user logged in:</p>
91:    <%= current_user.email %>
92:    <%= image_tag(current_user.avatar_url) %> <br>
93:    <%= link_to "Edit Account", edit_user_registration_path %>
94:    <%= button_to "Logout", destroy_user_session_path, data: {turbo: "false"}, method: :delete %>
95:    <% end %>
96:    
97:    </center>
98:    </div>
99:    
100:    <!-- Login Modal -->
101:    <%= form_with(scope: :session, url: login_path, local: true) do |form| %>
102:      <div class="modal fade" id="loginModal" tabindex="-1" role="dialog" aria-labelledby="loginModalLabel" aria-hidden="true">
103:        <div class="modal-dialog" role="document">
104:          <div class="modal-content">
105:            <div class="modal-header">
106:              <h5 class="modal-title" id="loginModalLabel">Login</h5>
107:              <button type="button" class="close" data-dismiss="modal" aria-label="Close">
108:                <span aria-hidden="true">&times;</span>
109:              </button>
110:            </div>
111:            <div class="modal-body">
112:              <!-- Login form fields -->
113:              <div class="form-group">
114:                <%= form.label :username %>
115:                <%= form.text_field :username, required: true, class: 'form-control' %>
116:              </div>
117:              <div class="form-group">
118:                <%= form.label :password %>
119:                <%= form.password_field :password, required: true, class: 'form-control' %>
120:              </div>
121:            </div>
122:            <div class="modal-footer">
123:              <%= form.submit "Login", class: 'btn btn-primary' %>
124:            </div>
125:          </div>
126:        </div>
127:      </div>
128:    <% end %>
129:    
130:    <!-- Flash Messages -->
131:    <% flash.each do |key, message| %>
132:      <div class="alert alert-<%= key %>"><%= message %></div>
133:    <% end %>
134:    
135:    <!-- About Section-->
136:    <section id="about-organization" style="background-color: #f7f7f7; padding: 20px; border-radius: 5px; box-shadow: 0 2px 5px rgba(0, 0, 0, 0.2); max-width: 800px; margin: 20px auto;">
137:    <h2 style="text-align: center; color: #333;">About This Organization</h2>
138:    <div style="background-color: #ffffff; padding: 20px; border-radius: 5px; box-shadow: 0 2px 5px rgba(0, 0, 0, 0.2);">
139:      <p><strong>Abbreviation(s):</strong> H.E.A.T.</p>
140:      <!-- ... rest of the about section content ... -->
141:    </div>
142:    </section>
143:    
144:    <!-- Include Bootstrap JS and jQuery for modal functionality -->
145:    <script src="https://code.jquery.com/jquery-3.3.1.slim.min.js"></script>
146:    <script src="https://cdnjs.cloudflare.com/ajax/libs/popper.js/1.14.7/umd/popper.min.js"></script>
147:    <script src="https://stackpath.bootstrapcdn.com/bootstrap/4.3.1/js/bootstrap.min.js"></script>
148:    
149:    </body>
150:    </html>
  
app/views/pages/home.html.erb:80: syntax error, unexpected ':', expecting =>
app/views/pages/home.html.erb:80: syntax error, unexpected ',', expecting ')'
app/views/pages/home.html.erb:80: syntax error, unexpected ':', expecting ')'
app/views/pages/home.html.erb:81: syntax error, unexpected ':', expecting =>
app/views/pages/home.html.erb:81: syntax error, unexpected ',', expecting ')'
app/views/pages/home.html.erb:81: syntax error, unexpected ':', expecting ')'
app/views/pages/home.html.erb:80: syntax error, unexpected ':', expecting =>
app/views/pages/home.html.erb:80: syntax error, unexpected ',', expecting ')'
app/views/pages/home.html.erb:80: syntax error, unexpected ':', expecting ')'
app/views/pages/home.html.erb:81: syntax error, unexpected ':', expecting =>
app/views/pages/home.html.erb:81: syntax error, unexpected ',', expecting ')'
app/views/pages/home.html.erb:81: syntax error, unexpected ':', expecting ')'
app/views/pages/home.html.erb:80: syntax error, unexpected ':', expecting =>
app/views/pages/home.html.erb:80: syntax error, unexpected ',', expecting ')'
app/views/pages/home.html.erb:80: syntax error, unexpected ':', expecting ')'
app/views/pages/home.html.erb:81: syntax error, unexpected ':', expecting =>
app/views/pages/home.html.erb:81: syntax error, unexpected ',', expecting ')'
app/views/pages/home.html.erb:81: syntax error, unexpected ':', expecting ')'
app/views/pages/home.html.erb:80: syntax error, unexpected ':', expecting =>
app/views/pages/home.html.erb:80: syntax error, unexpected ',', expecting ')'
app/views/pages/home.html.erb:80: syntax error, unexpected ':', expecting ')'
app/views/pages/home.html.erb:81: syntax error, unexpected ':', expecting =>
app/views/pages/home.html.erb:81: syntax error, unexpected ',', expecting ')'
app/views/pages/home.html.erb:81: syntax error, unexpected ':', expecting ')'
Started GET "/" for 127.0.0.1 at 2024-02-26 17:59:02 -0600
Processing by PagesController#home as HTML
  Rendering layout layouts/application.html.erb
  Rendering pages/home.html.erb within layouts/application
  Rendered pages/home.html.erb within layouts/application (Duration: 1.7ms | Allocations: 1799)
  Rendered layout layouts/application.html.erb (Duration: 1.8ms | Allocations: 1888)
Completed 500 Internal Server Error in 8ms (ActiveRecord: 0.0ms | Allocations: 2811)


  
ActionView::SyntaxErrorInTemplate (Encountered a syntax error while rendering template: check <!DOCTYPE html>
<html>
<head>
  <title>Your Rails App</title>
  <%= csrf_meta_tags %>
  <%= csp_meta_tag %>

  <!-- Include Bootstrap CSS -->
  <link href="https://stackpath.bootstrapcdn.com/bootstrap/4.5.2/css/bootstrap.min.css" rel="stylesheet">

  <!-- Custom Styles -->
  <style>
    body {
      background-color: #fff; /* White background */
      color: #800000; /* Maroon text color */
    }

    .navbar {
      background-color: #800000 !important; /* Maroon navbar background */
    }

    .navbar-brand, .nav-link {
      color: #fff !important; /* White text color for navbar links */
    }

    .btn-primary {
      background-color: #800000 !important; /* Maroon button background */
      border-color: #800000 !important; /* Maroon border color */
    }

    .btn-primary:hover {
      background-color: #8B0000 !important; /* Darker maroon on hover */
      border-color: #8B0000 !important;
    }

    .btn-success {
      background-color: #fff !important; /* White button background */
      border-color: #800000 !important; /* Maroon border color */
      color: #800000 !important; /* Maroon text color */
    }

    .btn-success:hover {
      background-color: #f8f9fa !important; /* Lighter white on hover */
      color: #800000 !important;
    }

    h1, h2 {
      color: #800000; /* Maroon headings */
    }
  </style>
</head>
<body>

<nav class="navbar navbar-expand-lg navbar-light bg-light">
  <div class="container">
    <%= link_to "Home page", root_path, class: "navbar-brand" %>
    <button class="navbar-toggler" type="button" data-toggle="collapse" data-target="#navbarNav" aria-controls="navbarNav" aria-expanded="false" aria-label="Toggle navigation">
      <span class="navbar-toggler-icon"></span>
    </button>
    <div class="collapse navbar-collapse justify-content-center" id="navbarNav">
      <ul class="navbar-nav">
        <li class="nav-item">
          <%= link_to "Links", "#", class: "nav-link" %>
        </li>
        <li class="nav-item">
          <%= link_to "Events", "#", class: "nav-link" %>
        </li>
        <li class="nav-item">
          <%= link_to "Meetings", meetings_path, class: "nav-link" %>
        </li>
        <li class="nav-item">
          <%= link_to "Members", members_path, class: "nav-link" %>
        </li>
      </ul>
    </div>
    <div class="ml-auto">
      <% if current_user %>
        <%= link_to "Edit Account", "#", class: "btn btn-primary mr-2" %>
      <% else %>
        <%= link_to "Login", "#", class: "btn btn-primary mr-2", data-toggle: "modal", data-target: "#loginModal" %>
        <%= link_to "Create Account", "#", class: "btn btn-success", data-toggle: "modal", data-target: "#loginModal" %>
      <% end %>
    </div>
  </div>
</nav>

<div class="container">
  <center>
<% if current_user %>
  <%= link_to "Edit Account", "#", class: "btn btn-primary mr-2" %>
<% else %>
  <%= link_to "Login", "#", class: "btn btn-primary mr-2", data: { toggle: "modal", target: "#loginModal" } %>
  <%= link_to "Create Account", "#", class: "btn btn-success", data: { toggle: "modal", target: "#loginModal" } %>
<% end %>


</center>
</div>

<!-- Login Modal -->
<%= form_with(scope: :session, url: login_path, local: true) do |form| %>
  <div class="modal fade" id="loginModal" tabindex="-1" role="dialog" aria-labelledby="loginModalLabel" aria-hidden="true">
    <div class="modal-dialog" role="document">
      <div class="modal-content">
        <div class="modal-header">
          <h5 class="modal-title" id="loginModalLabel">Login</h5>
          <button type="button" class="close" data-dismiss="modal" aria-label="Close">
            <span aria-hidden="true">&times;</span>
          </button>
        </div>
        <div class="modal-body">
          <!-- Login form fields -->
          <div class="form-group">
            <%= form.label :username %>
            <%= form.text_field :username, required: true, class: 'form-control' %>
          </div>
          <div class="form-group">
            <%= form.label :password %>
            <%= form.password_field :password, required: true, class: 'form-control' %>
          </div>
        </div>
        <div class="modal-footer">
          <%= form.submit "Login", class: 'btn btn-primary' %>
        </div>
      </div>
    </div>
  </div>
<% end %>

<!-- Flash Messages -->
<% flash.each do |key, message| %>
  <div class="alert alert-<%= key %>"><%= message %></div>
<% end %>

<!-- About Section-->
<section id="about-organization" style="background-color: #f7f7f7; padding: 20px; border-radius: 5px; box-shadow: 0 2px 5px rgba(0, 0, 0, 0.2); max-width: 800px; margin: 20px auto;">
<h2 style="text-align: center; color: #333;">About This Organization</h2>
<div style="background-color: #ffffff; padding: 20px; border-radius: 5px; box-shadow: 0 2px 5px rgba(0, 0, 0, 0.2);">
  <p><strong>Abbreviation(s):</strong> H.E.A.T.</p>
  <!-- ... rest of the about section content ... -->
</div>
</section>

<!-- Include Bootstrap JS and jQuery for modal functionality -->
<script src="https://code.jquery.com/jquery-3.3.1.slim.min.js"></script>
<script src="https://cdnjs.cloudflare.com/ajax/libs/popper.js/1.14.7/umd/popper.min.js"></script>
<script src="https://stackpath.bootstrapcdn.com/bootstrap/4.3.1/js/bootstrap.min.js"></script>

</body>
</html>

):
1:    <!DOCTYPE html>
2:    <html>
3:    <head>
4:      <title>Your Rails App</title>
5:      <%= csrf_meta_tags %>
6:      <%= csp_meta_tag %>
7:    
8:      <!-- Include Bootstrap CSS -->
9:      <link href="https://stackpath.bootstrapcdn.com/bootstrap/4.5.2/css/bootstrap.min.css" rel="stylesheet">
10:    
11:      <!-- Custom Styles -->
12:      <style>
13:        body {
14:          background-color: #fff; /* White background */
15:          color: #800000; /* Maroon text color */
16:        }
17:    
18:        .navbar {
19:          background-color: #800000 !important; /* Maroon navbar background */
20:        }
21:    
22:        .navbar-brand, .nav-link {
23:          color: #fff !important; /* White text color for navbar links */
24:        }
25:    
26:        .btn-primary {
27:          background-color: #800000 !important; /* Maroon button background */
28:          border-color: #800000 !important; /* Maroon border color */
29:        }
30:    
31:        .btn-primary:hover {
32:          background-color: #8B0000 !important; /* Darker maroon on hover */
33:          border-color: #8B0000 !important;
34:        }
35:    
36:        .btn-success {
37:          background-color: #fff !important; /* White button background */
38:          border-color: #800000 !important; /* Maroon border color */
39:          color: #800000 !important; /* Maroon text color */
40:        }
41:    
42:        .btn-success:hover {
43:          background-color: #f8f9fa !important; /* Lighter white on hover */
44:          color: #800000 !important;
45:        }
46:    
47:        h1, h2 {
48:          color: #800000; /* Maroon headings */
49:        }
50:      </style>
51:    </head>
52:    <body>
53:    
54:    <nav class="navbar navbar-expand-lg navbar-light bg-light">
55:      <div class="container">
56:        <%= link_to "Home page", root_path, class: "navbar-brand" %>
57:        <button class="navbar-toggler" type="button" data-toggle="collapse" data-target="#navbarNav" aria-controls="navbarNav" aria-expanded="false" aria-label="Toggle navigation">
58:          <span class="navbar-toggler-icon"></span>
59:        </button>
60:        <div class="collapse navbar-collapse justify-content-center" id="navbarNav">
61:          <ul class="navbar-nav">
62:            <li class="nav-item">
63:              <%= link_to "Links", "#", class: "nav-link" %>
64:            </li>
65:            <li class="nav-item">
66:              <%= link_to "Events", "#", class: "nav-link" %>
67:            </li>
68:            <li class="nav-item">
69:              <%= link_to "Meetings", meetings_path, class: "nav-link" %>
70:            </li>
71:            <li class="nav-item">
72:              <%= link_to "Members", members_path, class: "nav-link" %>
73:            </li>
74:          </ul>
75:        </div>
76:        <div class="ml-auto">
77:          <% if current_user %>
78:            <%= link_to "Edit Account", "#", class: "btn btn-primary mr-2" %>
79:          <% else %>
80:            <%= link_to "Login", "#", class: "btn btn-primary mr-2", data-toggle: "modal", data-target: "#loginModal" %>
81:            <%= link_to "Create Account", "#", class: "btn btn-success", data-toggle: "modal", data-target: "#loginModal" %>
82:          <% end %>
83:        </div>
84:      </div>
85:    </nav>
86:    
87:    <div class="container">
88:      <center>
89:    <% if current_user %>
90:      <%= link_to "Edit Account", "#", class: "btn btn-primary mr-2" %>
91:    <% else %>
92:      <%= link_to "Login", "#", class: "btn btn-primary mr-2", data: { toggle: "modal", target: "#loginModal" } %>
93:      <%= link_to "Create Account", "#", class: "btn btn-success", data: { toggle: "modal", target: "#loginModal" } %>
94:    <% end %>
95:    
96:    
97:    </center>
98:    </div>
99:    
100:    <!-- Login Modal -->
101:    <%= form_with(scope: :session, url: login_path, local: true) do |form| %>
102:      <div class="modal fade" id="loginModal" tabindex="-1" role="dialog" aria-labelledby="loginModalLabel" aria-hidden="true">
103:        <div class="modal-dialog" role="document">
104:          <div class="modal-content">
105:            <div class="modal-header">
106:              <h5 class="modal-title" id="loginModalLabel">Login</h5>
107:              <button type="button" class="close" data-dismiss="modal" aria-label="Close">
108:                <span aria-hidden="true">&times;</span>
109:              </button>
110:            </div>
111:            <div class="modal-body">
112:              <!-- Login form fields -->
113:              <div class="form-group">
114:                <%= form.label :username %>
115:                <%= form.text_field :username, required: true, class: 'form-control' %>
116:              </div>
117:              <div class="form-group">
118:                <%= form.label :password %>
119:                <%= form.password_field :password, required: true, class: 'form-control' %>
120:              </div>
121:            </div>
122:            <div class="modal-footer">
123:              <%= form.submit "Login", class: 'btn btn-primary' %>
124:            </div>
125:          </div>
126:        </div>
127:      </div>
128:    <% end %>
129:    
130:    <!-- Flash Messages -->
131:    <% flash.each do |key, message| %>
132:      <div class="alert alert-<%= key %>"><%= message %></div>
133:    <% end %>
134:    
135:    <!-- About Section-->
136:    <section id="about-organization" style="background-color: #f7f7f7; padding: 20px; border-radius: 5px; box-shadow: 0 2px 5px rgba(0, 0, 0, 0.2); max-width: 800px; margin: 20px auto;">
137:    <h2 style="text-align: center; color: #333;">About This Organization</h2>
138:    <div style="background-color: #ffffff; padding: 20px; border-radius: 5px; box-shadow: 0 2px 5px rgba(0, 0, 0, 0.2);">
139:      <p><strong>Abbreviation(s):</strong> H.E.A.T.</p>
140:      <!-- ... rest of the about section content ... -->
141:    </div>
142:    </section>
143:    
144:    <!-- Include Bootstrap JS and jQuery for modal functionality -->
145:    <script src="https://code.jquery.com/jquery-3.3.1.slim.min.js"></script>
146:    <script src="https://cdnjs.cloudflare.com/ajax/libs/popper.js/1.14.7/umd/popper.min.js"></script>
147:    <script src="https://stackpath.bootstrapcdn.com/bootstrap/4.3.1/js/bootstrap.min.js"></script>
148:    
149:    </body>
150:    </html>
  
app/views/pages/home.html.erb:80: syntax error, unexpected ':', expecting =>
app/views/pages/home.html.erb:80: syntax error, unexpected ',', expecting ')'
app/views/pages/home.html.erb:80: syntax error, unexpected ':', expecting ')'
app/views/pages/home.html.erb:81: syntax error, unexpected ':', expecting =>
app/views/pages/home.html.erb:81: syntax error, unexpected ',', expecting ')'
app/views/pages/home.html.erb:81: syntax error, unexpected ':', expecting ')'
app/views/pages/home.html.erb:80: syntax error, unexpected ':', expecting =>
app/views/pages/home.html.erb:80: syntax error, unexpected ',', expecting ')'
app/views/pages/home.html.erb:80: syntax error, unexpected ':', expecting ')'
app/views/pages/home.html.erb:81: syntax error, unexpected ':', expecting =>
app/views/pages/home.html.erb:81: syntax error, unexpected ',', expecting ')'
app/views/pages/home.html.erb:81: syntax error, unexpected ':', expecting ')'
app/views/pages/home.html.erb:80: syntax error, unexpected ':', expecting =>
app/views/pages/home.html.erb:80: syntax error, unexpected ',', expecting ')'
app/views/pages/home.html.erb:80: syntax error, unexpected ':', expecting ')'
app/views/pages/home.html.erb:81: syntax error, unexpected ':', expecting =>
app/views/pages/home.html.erb:81: syntax error, unexpected ',', expecting ')'
app/views/pages/home.html.erb:81: syntax error, unexpected ':', expecting ')'
app/views/pages/home.html.erb:80: syntax error, unexpected ':', expecting =>
app/views/pages/home.html.erb:80: syntax error, unexpected ',', expecting ')'
app/views/pages/home.html.erb:80: syntax error, unexpected ':', expecting ')'
app/views/pages/home.html.erb:81: syntax error, unexpected ':', expecting =>
app/views/pages/home.html.erb:81: syntax error, unexpected ',', expecting ')'
app/views/pages/home.html.erb:81: syntax error, unexpected ':', expecting ')'
Started GET "/" for 127.0.0.1 at 2024-02-26 17:59:22 -0600
Processing by PagesController#home as HTML
  Rendering layout layouts/application.html.erb
  Rendering pages/home.html.erb within layouts/application
  Rendered pages/home.html.erb within layouts/application (Duration: 19.8ms | Allocations: 7320)
  Rendered layout layouts/application.html.erb (Duration: 20.1ms | Allocations: 7408)
Completed 500 Internal Server Error in 24ms (ActiveRecord: 0.0ms | Allocations: 8327)


  
ActionView::Template::Error (undefined local variable or method `login_path' for #<ActionView::Base:0x0000000000e628>

'.freeze;@output_buffer.append=  form_with(scope: :session, url: login_path, local: true) do |form| @output_buffer.safe_append='
                                                                 ^^^^^^^^^^):
     99: </div>
    100: 
    101: <!-- Login Modal -->
    102: <%= form_with(scope: :session, url: login_path, local: true) do |form| %>
    103:   <div class="modal fade" id="loginModal" tabindex="-1" role="dialog" aria-labelledby="loginModalLabel" aria-hidden="true">
    104:     <div class="modal-dialog" role="document">
    105:       <div class="modal-content">
  
app/views/pages/home.html.erb:102
Started GET "/" for 127.0.0.1 at 2024-02-26 17:59:44 -0600
Processing by PagesController#home as HTML
  Rendering layout layouts/application.html.erb
  Rendering pages/home.html.erb within layouts/application
  Rendered pages/home.html.erb within layouts/application (Duration: 22.0ms | Allocations: 1602)
  Rendered layout layouts/application.html.erb (Duration: 27.5ms | Allocations: 3438)
Completed 200 OK in 33ms (Views: 30.9ms | ActiveRecord: 0.0ms | Allocations: 4384)


Started GET "/" for 127.0.0.1 at 2024-02-26 18:00:24 -0600
Processing by PagesController#home as HTML
  Rendering layout layouts/application.html.erb
  Rendering pages/home.html.erb within layouts/application
  Rendered pages/home.html.erb within layouts/application (Duration: 4.1ms | Allocations: 1643)
  Rendered layout layouts/application.html.erb (Duration: 8.6ms | Allocations: 3472)
Completed 200 OK in 14ms (Views: 11.6ms | ActiveRecord: 0.0ms | Allocations: 4426)


Started GET "/" for 127.0.0.1 at 2024-02-26 18:02:03 -0600
Processing by PagesController#home as HTML
  Rendering layout layouts/application.html.erb
  Rendering pages/home.html.erb within layouts/application
  Rendered pages/home.html.erb within layouts/application (Duration: 8.4ms | Allocations: 1646)
  Rendered layout layouts/application.html.erb (Duration: 14.7ms | Allocations: 3475)
Completed 200 OK in 25ms (Views: 20.5ms | ActiveRecord: 0.0ms | Allocations: 4429)


Started GET "/" for 127.0.0.1 at 2024-02-26 18:02:16 -0600
Processing by PagesController#home as HTML
  Rendering layout layouts/application.html.erb
  Rendering pages/home.html.erb within layouts/application
  Rendered pages/home.html.erb within layouts/application (Duration: 4.0ms | Allocations: 1666)
  Rendered layout layouts/application.html.erb (Duration: 8.0ms | Allocations: 3495)
Completed 200 OK in 13ms (Views: 11.1ms | ActiveRecord: 0.0ms | Allocations: 4449)


Started GET "/" for 127.0.0.1 at 2024-02-26 18:03:17 -0600
Processing by PagesController#home as HTML
  Rendering layout layouts/application.html.erb
  Rendering pages/home.html.erb within layouts/application
  Rendered pages/home.html.erb within layouts/application (Duration: 4.1ms | Allocations: 1657)
  Rendered layout layouts/application.html.erb (Duration: 7.8ms | Allocations: 3486)
Completed 200 OK in 14ms (Views: 11.2ms | ActiveRecord: 0.0ms | Allocations: 4440)


Started GET "/members" for 127.0.0.1 at 2024-02-26 18:03:24 -0600
Processing by MembersController#index as HTML
  Rendering layout layouts/application.html.erb
  Rendering members/index.html.erb within layouts/application
  [1m[36mMember Load (0.2ms)[0m  [1m[34mSELECT "members".* FROM "members"[0m
  ↳ app/views/members/index.html.erb:6
  Rendered members/index.html.erb within layouts/application (Duration: 11.9ms | Allocations: 1507)
  Rendered layout layouts/application.html.erb (Duration: 13.3ms | Allocations: 3076)
Completed 200 OK in 16ms (Views: 11.3ms | ActiveRecord: 3.7ms | Allocations: 3800)


